<?xml version="1.0" encoding="UTF-8"?>
<!-- Generated by org.testng.reporters.JUnitReportReporter -->
<testsuite skipped="0" hostname="MacBook.local" name="test.HotelCitywideTest" tests="2" failures="0" timestamp="16 Jul 2018 01:47:12 GMT" time="106.824" errors="0">
  <testcase name="test_Hotel_Citywide" time="7.594" classname="test.HotelCitywideTest"/>
  <testcase name="test_Exit_Unit" time="99.230" classname="test.HotelCitywideTest"/>
</testsuite> <!-- test.HotelCitywideTest -->
