<?xml version="1.0" encoding="UTF-8"?>
<!-- Generated by org.testng.reporters.JUnitReportReporter -->
<testsuite skipped="0" hostname="MacBook.local" name="test.FlightsTest" tests="2" failures="0" timestamp="16 Jul 2018 01:47:12 GMT" time="94.457" errors="0">
  <testcase name="test_Exit_Unit" time="87.880" classname="test.FlightsTest"/>
  <testcase name="test_Flights" time="6.577" classname="test.FlightsTest"/>
</testsuite> <!-- test.FlightsTest -->
