<?xml version="1.0" encoding="UTF-8"?>
<!-- Generated by org.testng.reporters.JUnitReportReporter -->
<testsuite skipped="0" hostname="MacBook.local" name="test.FlightsTest" tests="2" failures="0" timestamp="06 Jul 2018 06:23:37 GMT" time="101.759" errors="0">
  <testcase name="test_Exit_Unit" time="93.741" classname="test.FlightsTest"/>
  <testcase name="test_Flights" time="8.018" classname="test.FlightsTest"/>
</testsuite> <!-- test.FlightsTest -->
