<?xml version="1.0" encoding="UTF-8"?>
<!-- Generated by org.testng.reporters.JUnitReportReporter -->
<testsuite skipped="0" hostname="MacBook.local" name="test.HotelCitywideTest" tests="2" failures="0" timestamp="06 Jul 2018 06:23:37 GMT" time="67.977" errors="0">
  <testcase name="test_Hotel_Citywide" time="5.809" classname="test.HotelCitywideTest"/>
  <testcase name="test_Exit_Unit" time="62.168" classname="test.HotelCitywideTest"/>
</testsuite> <!-- test.HotelCitywideTest -->
